--------------------------------------------------------------------------------
Release 14.7 Trace  (nt64)
Copyright (c) 1995-2013 Xilinx, Inc.  All rights reserved.

C:\Xilinx\14.7\ISE_DS\ISE\bin\nt64\unwrapped\trce.exe -intstyle ise -v 3 -s 5
-n 3 -fastpaths -xml ps2_monitor.twx ps2_monitor.ncd -o ps2_monitor.twr
ps2_monitor.pcf -ucf Nexys2_1200General.ucf

Design file:              ps2_monitor.ncd
Physical constraint file: ps2_monitor.pcf
Device,package,speed:     xc3s1200e,fg320,-5 (PRODUCTION 1.27 2013-10-13)
Report level:             verbose report

Environment Variable      Effect 
--------------------      ------ 
NONE                      No environment variables were set
--------------------------------------------------------------------------------

INFO:Timing:2698 - No timing constraints found, doing default enumeration.
INFO:Timing:3412 - To improve timing, see the Timing Closure User Guide (UG612).
INFO:Timing:2752 - To get complete path coverage, use the unconstrained paths 
   option. All paths that are not constrained will be reported in the 
   unconstrained paths section(s) of the report.
INFO:Timing:3339 - The clock-to-out numbers in this timing report are based on 
   a 50 Ohm transmission line loading model.  For the details of this model, 
   and for more information on accounting for different loading conditions, 
   please see the device datasheet.
INFO:Timing:3390 - This architecture does not support a default System Jitter 
   value, please add SYSTEM_JITTER constraint to the UCF to modify the Clock 
   Uncertainty calculation.
INFO:Timing:3389 - This architecture does not support 'Discrete Jitter' and 
   'Phase Error' calculations, these terms will be zero in the Clock 
   Uncertainty calculation.  Please make appropriate modification to 
   SYSTEM_JITTER to account for the unsupported Discrete Jitter and Phase 
   Error.



Data Sheet report:
-----------------
All values displayed in nanoseconds (ns)

Setup/Hold to clock clk
------------+------------+------------+------------------+--------+
            |Max Setup to|Max Hold to |                  | Clock  |
Source      | clk (edge) | clk (edge) |Internal Clock(s) | Phase  |
------------+------------+------------+------------------+--------+
btn<0>      |    8.609(R)|   -1.371(R)|clk_BUFGP         |   0.000|
ps2c        |    1.252(R)|    0.131(R)|clk_BUFGP         |   0.000|
ps2d        |    1.936(R)|   -0.420(R)|clk_BUFGP         |   0.000|
sw<0>       |    3.989(R)|   -0.630(R)|clk_BUFGP         |   0.000|
sw<1>       |    3.597(R)|   -0.396(R)|clk_BUFGP         |   0.000|
sw<2>       |    3.587(R)|   -0.149(R)|clk_BUFGP         |   0.000|
sw<3>       |    3.112(R)|   -0.721(R)|clk_BUFGP         |   0.000|
sw<4>       |    4.012(R)|   -0.359(R)|clk_BUFGP         |   0.000|
sw<5>       |    3.861(R)|    0.030(R)|clk_BUFGP         |   0.000|
sw<6>       |    4.367(R)|   -0.777(R)|clk_BUFGP         |   0.000|
sw<7>       |    5.211(R)|   -1.005(R)|clk_BUFGP         |   0.000|
------------+------------+------------+------------------+--------+

Clock clk to Pad
------------+------------+------------------+--------+
            | clk (edge) |                  | Clock  |
Destination |   to PAD   |Internal Clock(s) | Phase  |
------------+------------+------------------+--------+
jb5         |    9.439(R)|clk_BUFGP         |   0.000|
ps2c        |   10.606(R)|clk_BUFGP         |   0.000|
ps2d        |   10.979(R)|clk_BUFGP         |   0.000|
------------+------------+------------------+--------+

Clock to Setup on destination clock clk
---------------+---------+---------+---------+---------+
               | Src:Rise| Src:Fall| Src:Rise| Src:Fall|
Source Clock   |Dest:Rise|Dest:Rise|Dest:Fall|Dest:Fall|
---------------+---------+---------+---------+---------+
clk            |    7.789|         |         |         |
---------------+---------+---------+---------+---------+


Analysis completed Tue Jan 14 10:16:14 2020 
--------------------------------------------------------------------------------

Trace Settings:
-------------------------
Trace Settings 

Peak Memory Usage: 4535 MB



