Release 14.7 - xst P.20131013 (lin64)
Copyright (c) 1995-2013 Xilinx, Inc.  All rights reserved.
--> 
Parameter TMPDIR set to xst/projnav.tmp


Total REAL time to Xst completion: 0.00 secs
Total CPU time to Xst completion: 0.03 secs
 
--> 
Parameter xsthdpdir set to xst


Total REAL time to Xst completion: 0.00 secs
Total CPU time to Xst completion: 0.03 secs
 
--> 
Reading design: kb_monitor.prj

TABLE OF CONTENTS
  1) Synthesis Options Summary
  2) HDL Compilation
  3) Design Hierarchy Analysis
  4) HDL Analysis
  5) HDL Synthesis
     5.1) HDL Synthesis Report
  6) Advanced HDL Synthesis
     6.1) Advanced HDL Synthesis Report
  7) Low Level Synthesis
  8) Partition Report
  9) Final Report
	9.1) Device utilization summary
	9.2) Partition Resource Summary
	9.3) TIMING REPORT


=========================================================================
*                      Synthesis Options Summary                        *
=========================================================================
---- Source Parameters
Input File Name                    : "kb_monitor.prj"
Input Format                       : mixed
Ignore Synthesis Constraint File   : NO

---- Target Parameters
Output File Name                   : "kb_monitor"
Output Format                      : NGC
Target Device                      : xc3s1200e-5-fg320

---- Source Options
Top Module Name                    : kb_monitor
Automatic FSM Extraction           : YES
FSM Encoding Algorithm             : Auto
Safe Implementation                : No
FSM Style                          : LUT
RAM Extraction                     : Yes
RAM Style                          : Auto
ROM Extraction                     : Yes
Mux Style                          : Auto
Decoder Extraction                 : YES
Priority Encoder Extraction        : Yes
Shift Register Extraction          : YES
Logical Shifter Extraction         : YES
XOR Collapsing                     : YES
ROM Style                          : Auto
Mux Extraction                     : Yes
Resource Sharing                   : YES
Asynchronous To Synchronous        : NO
Multiplier Style                   : Auto
Automatic Register Balancing       : No

---- Target Options
Add IO Buffers                     : YES
Global Maximum Fanout              : 500
Add Generic Clock Buffer(BUFG)     : 24
Register Duplication               : YES
Slice Packing                      : YES
Optimize Instantiated Primitives   : NO
Use Clock Enable                   : Yes
Use Synchronous Set                : Yes
Use Synchronous Reset              : Yes
Pack IO Registers into IOBs        : Auto
Equivalent register Removal        : YES

---- General Options
Optimization Goal                  : Speed
Optimization Effort                : 1
Keep Hierarchy                     : No
Netlist Hierarchy                  : As_Optimized
RTL Output                         : Yes
Global Optimization                : AllClockNets
Read Cores                         : YES
Write Timing Constraints           : NO
Cross Clock Analysis               : NO
Hierarchy Separator                : /
Bus Delimiter                      : <>
Case Specifier                     : Maintain
Slice Utilization Ratio            : 100
BRAM Utilization Ratio             : 100
Verilog 2001                       : YES
Auto BRAM Packing                  : NO
Slice Utilization Ratio Delta      : 5

=========================================================================


=========================================================================
*                          HDL Compilation                              *
=========================================================================
Compiling vhdl file "/home/dumbo/XilinxProjects/PhongVhdlBook/KbMonitorChapter8/list_ch04_11_mod_m.vhd" in Library work.
Entity <mod_m_counter> compiled.
Entity <mod_m_counter> (Architecture <arch>) compiled.
Compiling vhdl file "/home/dumbo/XilinxProjects/PhongVhdlBook/KbMonitorChapter8/list_ch07_01_uart_rx.vhd" in Library work.
Entity <uart_rx> compiled.
Entity <uart_rx> (Architecture <arch>) compiled.
Compiling vhdl file "/home/dumbo/XilinxProjects/PhongVhdlBook/KbMonitorChapter8/list_ch04_20_fifo.vhd" in Library work.
Entity <fifo> compiled.
Entity <fifo> (Architecture <arch>) compiled.
Compiling vhdl file "/home/dumbo/XilinxProjects/PhongVhdlBook/KbMonitorChapter8/list_ch07_03_uart_tx.vhd" in Library work.
Entity <uart_tx> compiled.
Entity <uart_tx> (Architecture <arch>) compiled.
Compiling vhdl file "/home/dumbo/XilinxProjects/PhongVhdlBook/KbMonitorChapter8/list_ch08_01_ps2_rx.vhd" in Library work.
Entity <ps2_rx> compiled.
Entity <ps2_rx> (Architecture <arch>) compiled.
Compiling vhdl file "/home/dumbo/XilinxProjects/PhongVhdlBook/KbMonitorChapter8/list_ch07_04_uart.vhd" in Library work.
Entity <uart> compiled.
Entity <uart> (Architecture <str_arch>) compiled.
Compiling vhdl file "/home/dumbo/XilinxProjects/PhongVhdlBook/KbMonitorChapter8/list_ch08_02_kb_mon.vhd" in Library work.
Entity <kb_monitor> compiled.
Entity <kb_monitor> (Architecture <arch>) compiled.

=========================================================================
*                     Design Hierarchy Analysis                         *
=========================================================================
Analyzing hierarchy for entity <kb_monitor> in library <work> (architecture <arch>).

Analyzing hierarchy for entity <ps2_rx> in library <work> (architecture <arch>).

Analyzing hierarchy for entity <uart> in library <work> (architecture <str_arch>) with generics.
	DBIT = 8
	DVSR = 163
	DVSR_BIT = 8
	FIFO_W = 2
	SB_TICK = 16

Analyzing hierarchy for entity <mod_m_counter> in library <work> (architecture <arch>) with generics.
	M = 163
	N = 8

Analyzing hierarchy for entity <uart_rx> in library <work> (architecture <arch>) with generics.
	DBIT = 8
	SB_TICK = 16

Analyzing hierarchy for entity <fifo> in library <work> (architecture <arch>) with generics.
	B = 8
	W = 2

Analyzing hierarchy for entity <uart_tx> in library <work> (architecture <arch>) with generics.
	DBIT = 8
	SB_TICK = 16


=========================================================================
*                            HDL Analysis                               *
=========================================================================
Analyzing Entity <kb_monitor> in library <work> (Architecture <arch>).
WARNING:Xst:753 - "/home/dumbo/XilinxProjects/PhongVhdlBook/KbMonitorChapter8/list_ch08_02_kb_mon.vhd" line 39: Unconnected output port 'tx_full' of component 'uart'.
WARNING:Xst:753 - "/home/dumbo/XilinxProjects/PhongVhdlBook/KbMonitorChapter8/list_ch08_02_kb_mon.vhd" line 39: Unconnected output port 'rx_empty' of component 'uart'.
WARNING:Xst:753 - "/home/dumbo/XilinxProjects/PhongVhdlBook/KbMonitorChapter8/list_ch08_02_kb_mon.vhd" line 39: Unconnected output port 'r_data' of component 'uart'.
Entity <kb_monitor> analyzed. Unit <kb_monitor> generated.

Analyzing Entity <ps2_rx> in library <work> (Architecture <arch>).
Entity <ps2_rx> analyzed. Unit <ps2_rx> generated.

Analyzing generic Entity <uart> in library <work> (Architecture <str_arch>).
	DBIT = 8
	DVSR = 163
	DVSR_BIT = 8
	FIFO_W = 2
	SB_TICK = 16
WARNING:Xst:753 - "/home/dumbo/XilinxProjects/PhongVhdlBook/KbMonitorChapter8/list_ch07_04_uart.vhd" line 37: Unconnected output port 'q' of component 'mod_m_counter'.
WARNING:Xst:753 - "/home/dumbo/XilinxProjects/PhongVhdlBook/KbMonitorChapter8/list_ch07_04_uart.vhd" line 46: Unconnected output port 'full' of component 'fifo'.
Entity <uart> analyzed. Unit <uart> generated.

Analyzing generic Entity <mod_m_counter> in library <work> (Architecture <arch>).
	M = 163
	N = 8
Entity <mod_m_counter> analyzed. Unit <mod_m_counter> generated.

Analyzing generic Entity <uart_rx> in library <work> (Architecture <arch>).
	DBIT = 8
	SB_TICK = 16
Entity <uart_rx> analyzed. Unit <uart_rx> generated.

Analyzing generic Entity <fifo> in library <work> (Architecture <arch>).
	B = 8
	W = 2
Entity <fifo> analyzed. Unit <fifo> generated.

Analyzing generic Entity <uart_tx> in library <work> (Architecture <arch>).
	DBIT = 8
	SB_TICK = 16
Entity <uart_tx> analyzed. Unit <uart_tx> generated.


=========================================================================
*                           HDL Synthesis                               *
=========================================================================

Performing bidirectional port resolution...

Synthesizing Unit <ps2_rx>.
    Related source file is "/home/dumbo/XilinxProjects/PhongVhdlBook/KbMonitorChapter8/list_ch08_01_ps2_rx.vhd".
WARNING:Xst:646 - Signal <b_reg<0>> is assigned but never used. This unconnected signal will be trimmed during the optimization process.
    Found finite state machine <FSM_0> for signal <state_reg>.
    -----------------------------------------------------------------------
    | States             | 3                                              |
    | Transitions        | 6                                              |
    | Inputs             | 2                                              |
    | Outputs            | 3                                              |
    | Clock              | clk                       (rising_edge)        |
    | Reset              | reset                     (positive)           |
    | Reset type         | asynchronous                                   |
    | Reset State        | idle                                           |
    | Power Up State     | idle                                           |
    | Encoding           | automatic                                      |
    | Implementation     | LUT                                            |
    -----------------------------------------------------------------------
    Found 11-bit register for signal <b_reg>.
    Found 1-bit register for signal <f_ps2c_reg>.
    Found 8-bit register for signal <filter_reg>.
    Found 4-bit register for signal <n_reg>.
    Found 4-bit subtractor for signal <n_reg$addsub0000> created at line 82.
    Summary:
	inferred   1 Finite State Machine(s).
	inferred  24 D-type flip-flop(s).
	inferred   1 Adder/Subtractor(s).
Unit <ps2_rx> synthesized.


Synthesizing Unit <mod_m_counter>.
    Related source file is "/home/dumbo/XilinxProjects/PhongVhdlBook/KbMonitorChapter8/list_ch04_11_mod_m.vhd".
    Found 8-bit adder for signal <r_next$addsub0000> created at line 31.
    Found 8-bit register for signal <r_reg>.
    Summary:
	inferred   8 D-type flip-flop(s).
	inferred   1 Adder/Subtractor(s).
Unit <mod_m_counter> synthesized.


Synthesizing Unit <uart_rx>.
    Related source file is "/home/dumbo/XilinxProjects/PhongVhdlBook/KbMonitorChapter8/list_ch07_01_uart_rx.vhd".
INFO:Xst:1799 - State data is never reached in FSM <state_reg>.
INFO:Xst:1799 - State start is never reached in FSM <state_reg>.
INFO:Xst:1799 - State stop is never reached in FSM <state_reg>.
    Found finite state machine <FSM_1> for signal <state_reg>.
    -----------------------------------------------------------------------
    | States             | 1                                              |
    | Transitions        | 1                                              |
    | Inputs             | 4                                              |
    | Outputs            | 2                                              |
    | Clock              | clk                       (rising_edge)        |
    | Reset              | reset                     (positive)           |
    | Reset type         | asynchronous                                   |
    | Reset State        | idle                                           |
    | Power Up State     | idle                                           |
    | Encoding           | automatic                                      |
    | Implementation     | LUT                                            |
    -----------------------------------------------------------------------
    Found 8-bit register for signal <b_reg>.
    Found 3-bit register for signal <n_reg>.
    Found 3-bit adder for signal <n_reg$addsub0000> created at line 73.
    Found 4-bit register for signal <s_reg>.
    Found 4-bit adder for signal <s_reg$share0000> created at line 49.
    Summary:
	inferred   1 Finite State Machine(s).
	inferred  15 D-type flip-flop(s).
	inferred   2 Adder/Subtractor(s).
Unit <uart_rx> synthesized.


Synthesizing Unit <fifo>.
    Related source file is "/home/dumbo/XilinxProjects/PhongVhdlBook/KbMonitorChapter8/list_ch04_20_fifo.vhd".
    Found 8-bit 4-to-1 multiplexer for signal <r_data>.
    Found 32-bit register for signal <array_reg>.
    Found 1-bit register for signal <empty_reg>.
    Found 2-bit comparator equal for signal <empty_reg$cmp_eq0000> created at line 89.
    Found 1-bit 4-to-1 multiplexer for signal <empty_reg$mux0000> created at line 83.
    Found 1-bit register for signal <full_reg>.
    Found 2-bit comparator equal for signal <full_reg$cmp_eq0000> created at line 97.
    Found 1-bit 4-to-1 multiplexer for signal <full_reg$mux0000> created at line 83.
    Found 2-bit register for signal <r_ptr_reg>.
    Found 2-bit 4-to-1 multiplexer for signal <r_ptr_reg$mux0000> created at line 83.
    Found 2-bit adder for signal <r_ptr_succ$add0000> created at line 72.
    Found 2-bit register for signal <w_ptr_reg>.
    Found 2-bit 4-to-1 multiplexer for signal <w_ptr_reg$mux0000> created at line 83.
    Found 2-bit adder for signal <w_ptr_succ$add0000> created at line 71.
    Summary:
	inferred  38 D-type flip-flop(s).
	inferred   2 Adder/Subtractor(s).
	inferred   2 Comparator(s).
	inferred  14 Multiplexer(s).
Unit <fifo> synthesized.


Synthesizing Unit <uart_tx>.
    Related source file is "/home/dumbo/XilinxProjects/PhongVhdlBook/KbMonitorChapter8/list_ch07_03_uart_tx.vhd".
    Found finite state machine <FSM_2> for signal <state_reg>.
    -----------------------------------------------------------------------
    | States             | 4                                              |
    | Transitions        | 12                                             |
    | Inputs             | 4                                              |
    | Outputs            | 4                                              |
    | Clock              | clk                       (rising_edge)        |
    | Reset              | reset                     (positive)           |
    | Reset type         | asynchronous                                   |
    | Reset State        | idle                                           |
    | Power Up State     | idle                                           |
    | Encoding           | automatic                                      |
    | Implementation     | LUT                                            |
    -----------------------------------------------------------------------
    Found 8-bit register for signal <b_reg>.
    Found 3-bit register for signal <n_reg>.
    Found 3-bit adder for signal <n_reg$addsub0000> created at line 83.
    Found 4-bit adder for signal <s_next$add0000> created at line 71.
    Found 4-bit register for signal <s_reg>.
    Found 1-bit register for signal <tx_reg>.
    Summary:
	inferred   1 Finite State Machine(s).
	inferred  16 D-type flip-flop(s).
	inferred   2 Adder/Subtractor(s).
Unit <uart_tx> synthesized.


Synthesizing Unit <uart>.
    Related source file is "/home/dumbo/XilinxProjects/PhongVhdlBook/KbMonitorChapter8/list_ch07_04_uart.vhd".
Unit <uart> synthesized.


Synthesizing Unit <kb_monitor>.
    Related source file is "/home/dumbo/XilinxProjects/PhongVhdlBook/KbMonitorChapter8/list_ch08_02_kb_mon.vhd".
    Found finite state machine <FSM_3> for signal <state_reg>.
    -----------------------------------------------------------------------
    | States             | 4                                              |
    | Transitions        | 5                                              |
    | Inputs             | 1                                              |
    | Outputs            | 5                                              |
    | Clock              | clk                       (rising_edge)        |
    | Reset              | reset                     (positive)           |
    | Reset type         | asynchronous                                   |
    | Reset State        | idle                                           |
    | Power Up State     | idle                                           |
    | Encoding           | automatic                                      |
    | Implementation     | LUT                                            |
    -----------------------------------------------------------------------
    Found 16x8-bit ROM for signal <ascii_code>.
    Summary:
	inferred   1 Finite State Machine(s).
	inferred   1 ROM(s).
Unit <kb_monitor> synthesized.

INFO:Xst:1767 - HDL ADVISOR - Resource sharing has identified that some arithmetic operations in this design can share the same physical resources for reduced device utilization. For improved clock frequency you may try to disable resource sharing.

=========================================================================
HDL Synthesis Report

Macro Statistics
# ROMs                                                 : 1
 16x8-bit ROM                                          : 1
# Adders/Subtractors                                   : 10
 2-bit adder                                           : 4
 3-bit adder                                           : 2
 4-bit adder                                           : 2
 4-bit subtractor                                      : 1
 8-bit adder                                           : 1
# Registers                                            : 28
 1-bit register                                        : 6
 11-bit register                                       : 1
 2-bit register                                        : 4
 3-bit register                                        : 2
 4-bit register                                        : 3
 8-bit register                                        : 12
# Comparators                                          : 4
 2-bit comparator equal                                : 4
# Multiplexers                                         : 10
 1-bit 4-to-1 multiplexer                              : 4
 2-bit 4-to-1 multiplexer                              : 4
 8-bit 4-to-1 multiplexer                              : 2

=========================================================================

=========================================================================
*                       Advanced HDL Synthesis                          *
=========================================================================

Analyzing FSM <FSM_3> for best encoding.
Optimizing FSM <state_reg/FSM> on signal <state_reg[1:4]> with one-hot encoding.
-------------------
 State | Encoding
-------------------
 idle  | 0001
 send1 | 0010
 send0 | 0100
 sendb | 1000
-------------------
Analyzing FSM <FSM_2> for best encoding.
Optimizing FSM <uart_unit/uart_tx_unit/state_reg/FSM> on signal <state_reg[1:2]> with gray encoding.
-------------------
 State | Encoding
-------------------
 idle  | 00
 start | 01
 data  | 11
 stop  | 10
-------------------
Analyzing FSM <FSM_1> for best encoding.
Optimizing FSM <uart_unit/uart_rx_unit/state_reg/FSM> on signal <state_reg[1:2]> with user encoding.
-------------------
 State | Encoding
-------------------
 idle  | 00
 start | unreached
 data  | unreached
 stop  | unreached
-------------------
Analyzing FSM <FSM_0> for best encoding.
Optimizing FSM <ps2_rx_unit/state_reg/FSM> on signal <state_reg[1:2]> with gray encoding.
-------------------
 State | Encoding
-------------------
 idle  | 00
 dps   | 01
 load  | 11
-------------------
WARNING:Xst:1290 - Hierarchical block <uart_rx_unit> is unconnected in block <uart_unit>.
   It will be removed from the design.
WARNING:Xst:1290 - Hierarchical block <fifo_rx_unit> is unconnected in block <uart_unit>.
   It will be removed from the design.
WARNING:Xst:2677 - Node <b_reg_0> of sequential type is unconnected in block <ps2_rx_unit>.
WARNING:Xst:2677 - Node <b_reg_0> of sequential type is unconnected in block <ps2_rx>.

=========================================================================
Advanced HDL Synthesis Report

Macro Statistics
# FSMs                                                 : 4
# ROMs                                                 : 1
 16x8-bit ROM                                          : 1
# Adders/Subtractors                                   : 8
 2-bit adder                                           : 4
 3-bit adder                                           : 1
 4-bit adder                                           : 1
 4-bit subtractor                                      : 1
 8-bit adder                                           : 1
# Registers                                            : 138
 Flip-Flops                                            : 138
# Comparators                                          : 4
 2-bit comparator equal                                : 4
# Multiplexers                                         : 10
 1-bit 4-to-1 multiplexer                              : 4
 2-bit 4-to-1 multiplexer                              : 4
 8-bit 4-to-1 multiplexer                              : 2

=========================================================================

=========================================================================
*                         Low Level Synthesis                           *
=========================================================================
WARNING:Xst:1710 - FF/Latch <n_reg_0> (without init value) has a constant value of 0 in block <uart_rx>. This FF/Latch will be trimmed during the optimization process.
WARNING:Xst:1895 - Due to other FF/Latch trimming, FF/Latch <n_reg_1> (without init value) has a constant value of 0 in block <uart_rx>. This FF/Latch will be trimmed during the optimization process.
WARNING:Xst:1895 - Due to other FF/Latch trimming, FF/Latch <n_reg_2> (without init value) has a constant value of 0 in block <uart_rx>. This FF/Latch will be trimmed during the optimization process.
WARNING:Xst:1895 - Due to other FF/Latch trimming, FF/Latch <b_reg_7> (without init value) has a constant value of 0 in block <uart_rx>. This FF/Latch will be trimmed during the optimization process.
WARNING:Xst:1895 - Due to other FF/Latch trimming, FF/Latch <s_reg_0> (without init value) has a constant value of 0 in block <uart_rx>. This FF/Latch will be trimmed during the optimization process.
WARNING:Xst:1895 - Due to other FF/Latch trimming, FF/Latch <s_reg_1> (without init value) has a constant value of 0 in block <uart_rx>. This FF/Latch will be trimmed during the optimization process.
WARNING:Xst:1895 - Due to other FF/Latch trimming, FF/Latch <s_reg_2> (without init value) has a constant value of 0 in block <uart_rx>. This FF/Latch will be trimmed during the optimization process.
WARNING:Xst:1895 - Due to other FF/Latch trimming, FF/Latch <s_reg_3> (without init value) has a constant value of 0 in block <uart_rx>. This FF/Latch will be trimmed during the optimization process.
WARNING:Xst:1895 - Due to other FF/Latch trimming, FF/Latch <b_reg_6> (without init value) has a constant value of 0 in block <uart_rx>. This FF/Latch will be trimmed during the optimization process.
WARNING:Xst:1895 - Due to other FF/Latch trimming, FF/Latch <b_reg_5> (without init value) has a constant value of 0 in block <uart_rx>. This FF/Latch will be trimmed during the optimization process.
WARNING:Xst:1895 - Due to other FF/Latch trimming, FF/Latch <b_reg_4> (without init value) has a constant value of 0 in block <uart_rx>. This FF/Latch will be trimmed during the optimization process.
WARNING:Xst:1895 - Due to other FF/Latch trimming, FF/Latch <b_reg_3> (without init value) has a constant value of 0 in block <uart_rx>. This FF/Latch will be trimmed during the optimization process.
WARNING:Xst:1895 - Due to other FF/Latch trimming, FF/Latch <b_reg_2> (without init value) has a constant value of 0 in block <uart_rx>. This FF/Latch will be trimmed during the optimization process.
WARNING:Xst:1895 - Due to other FF/Latch trimming, FF/Latch <b_reg_1> (without init value) has a constant value of 0 in block <uart_rx>. This FF/Latch will be trimmed during the optimization process.
WARNING:Xst:1895 - Due to other FF/Latch trimming, FF/Latch <b_reg_0> (without init value) has a constant value of 0 in block <uart_rx>. This FF/Latch will be trimmed during the optimization process.

Optimizing unit <kb_monitor> ...

Optimizing unit <ps2_rx> ...

Optimizing unit <mod_m_counter> ...

Optimizing unit <fifo> ...

Optimizing unit <uart_tx> ...
WARNING:Xst:1710 - FF/Latch <uart_unit/fifo_tx_unit/array_reg_3_7> (without init value) has a constant value of 0 in block <kb_monitor>. This FF/Latch will be trimmed during the optimization process.
WARNING:Xst:1895 - Due to other FF/Latch trimming, FF/Latch <uart_unit/fifo_tx_unit/array_reg_1_7> (without init value) has a constant value of 0 in block <kb_monitor>. This FF/Latch will be trimmed during the optimization process.
WARNING:Xst:1895 - Due to other FF/Latch trimming, FF/Latch <uart_unit/fifo_tx_unit/array_reg_0_7> (without init value) has a constant value of 0 in block <kb_monitor>. This FF/Latch will be trimmed during the optimization process.
WARNING:Xst:1895 - Due to other FF/Latch trimming, FF/Latch <uart_unit/fifo_tx_unit/array_reg_2_7> (without init value) has a constant value of 0 in block <kb_monitor>. This FF/Latch will be trimmed during the optimization process.
WARNING:Xst:1895 - Due to other FF/Latch trimming, FF/Latch <uart_unit/uart_tx_unit/b_reg_7> (without init value) has a constant value of 0 in block <kb_monitor>. This FF/Latch will be trimmed during the optimization process.
WARNING:Xst:2677 - Node <uart_unit/fifo_rx_unit/w_ptr_reg_1> of sequential type is unconnected in block <kb_monitor>.
WARNING:Xst:2677 - Node <uart_unit/fifo_rx_unit/w_ptr_reg_0> of sequential type is unconnected in block <kb_monitor>.
WARNING:Xst:2677 - Node <uart_unit/fifo_rx_unit/full_reg> of sequential type is unconnected in block <kb_monitor>.
WARNING:Xst:2677 - Node <uart_unit/fifo_rx_unit/empty_reg> of sequential type is unconnected in block <kb_monitor>.
WARNING:Xst:2677 - Node <uart_unit/fifo_rx_unit/r_ptr_reg_1> of sequential type is unconnected in block <kb_monitor>.
WARNING:Xst:2677 - Node <uart_unit/fifo_rx_unit/r_ptr_reg_0> of sequential type is unconnected in block <kb_monitor>.
WARNING:Xst:2677 - Node <uart_unit/fifo_rx_unit/array_reg_3_7> of sequential type is unconnected in block <kb_monitor>.
WARNING:Xst:2677 - Node <uart_unit/fifo_rx_unit/array_reg_3_6> of sequential type is unconnected in block <kb_monitor>.
WARNING:Xst:2677 - Node <uart_unit/fifo_rx_unit/array_reg_3_5> of sequential type is unconnected in block <kb_monitor>.
WARNING:Xst:2677 - Node <uart_unit/fifo_rx_unit/array_reg_3_4> of sequential type is unconnected in block <kb_monitor>.
WARNING:Xst:2677 - Node <uart_unit/fifo_rx_unit/array_reg_3_3> of sequential type is unconnected in block <kb_monitor>.
WARNING:Xst:2677 - Node <uart_unit/fifo_rx_unit/array_reg_3_2> of sequential type is unconnected in block <kb_monitor>.
WARNING:Xst:2677 - Node <uart_unit/fifo_rx_unit/array_reg_3_1> of sequential type is unconnected in block <kb_monitor>.
WARNING:Xst:2677 - Node <uart_unit/fifo_rx_unit/array_reg_3_0> of sequential type is unconnected in block <kb_monitor>.
WARNING:Xst:2677 - Node <uart_unit/fifo_rx_unit/array_reg_1_7> of sequential type is unconnected in block <kb_monitor>.
WARNING:Xst:2677 - Node <uart_unit/fifo_rx_unit/array_reg_1_6> of sequential type is unconnected in block <kb_monitor>.
WARNING:Xst:2677 - Node <uart_unit/fifo_rx_unit/array_reg_1_5> of sequential type is unconnected in block <kb_monitor>.
WARNING:Xst:2677 - Node <uart_unit/fifo_rx_unit/array_reg_1_4> of sequential type is unconnected in block <kb_monitor>.
WARNING:Xst:2677 - Node <uart_unit/fifo_rx_unit/array_reg_1_3> of sequential type is unconnected in block <kb_monitor>.
WARNING:Xst:2677 - Node <uart_unit/fifo_rx_unit/array_reg_1_2> of sequential type is unconnected in block <kb_monitor>.
WARNING:Xst:2677 - Node <uart_unit/fifo_rx_unit/array_reg_1_1> of sequential type is unconnected in block <kb_monitor>.
WARNING:Xst:2677 - Node <uart_unit/fifo_rx_unit/array_reg_1_0> of sequential type is unconnected in block <kb_monitor>.
WARNING:Xst:2677 - Node <uart_unit/fifo_rx_unit/array_reg_0_7> of sequential type is unconnected in block <kb_monitor>.
WARNING:Xst:2677 - Node <uart_unit/fifo_rx_unit/array_reg_0_6> of sequential type is unconnected in block <kb_monitor>.
WARNING:Xst:2677 - Node <uart_unit/fifo_rx_unit/array_reg_0_5> of sequential type is unconnected in block <kb_monitor>.
WARNING:Xst:2677 - Node <uart_unit/fifo_rx_unit/array_reg_0_4> of sequential type is unconnected in block <kb_monitor>.
WARNING:Xst:2677 - Node <uart_unit/fifo_rx_unit/array_reg_0_3> of sequential type is unconnected in block <kb_monitor>.
WARNING:Xst:2677 - Node <uart_unit/fifo_rx_unit/array_reg_0_2> of sequential type is unconnected in block <kb_monitor>.
WARNING:Xst:2677 - Node <uart_unit/fifo_rx_unit/array_reg_0_1> of sequential type is unconnected in block <kb_monitor>.
WARNING:Xst:2677 - Node <uart_unit/fifo_rx_unit/array_reg_0_0> of sequential type is unconnected in block <kb_monitor>.
WARNING:Xst:2677 - Node <uart_unit/fifo_rx_unit/array_reg_2_7> of sequential type is unconnected in block <kb_monitor>.
WARNING:Xst:2677 - Node <uart_unit/fifo_rx_unit/array_reg_2_6> of sequential type is unconnected in block <kb_monitor>.
WARNING:Xst:2677 - Node <uart_unit/fifo_rx_unit/array_reg_2_5> of sequential type is unconnected in block <kb_monitor>.
WARNING:Xst:2677 - Node <uart_unit/fifo_rx_unit/array_reg_2_4> of sequential type is unconnected in block <kb_monitor>.
WARNING:Xst:2677 - Node <uart_unit/fifo_rx_unit/array_reg_2_3> of sequential type is unconnected in block <kb_monitor>.
WARNING:Xst:2677 - Node <uart_unit/fifo_rx_unit/array_reg_2_2> of sequential type is unconnected in block <kb_monitor>.
WARNING:Xst:2677 - Node <uart_unit/fifo_rx_unit/array_reg_2_1> of sequential type is unconnected in block <kb_monitor>.
WARNING:Xst:2677 - Node <uart_unit/fifo_rx_unit/array_reg_2_0> of sequential type is unconnected in block <kb_monitor>.

Mapping all equations...
Building and optimizing final netlist ...
Found area constraint ratio of 100 (+ 5) on block kb_monitor, actual ratio is 1.
FlipFlop uart_unit/uart_tx_unit/state_reg_FSM_FFd1 has been replicated 1 time(s)

Final Macro Processing ...

=========================================================================
Final Register Report

Macro Statistics
# Registers                                            : 89
 Flip-Flops                                            : 89

=========================================================================

=========================================================================
*                           Partition Report                            *
=========================================================================

Partition Implementation Status
-------------------------------

  No Partitions were found in this design.

-------------------------------

=========================================================================
*                            Final Report                               *
=========================================================================
Final Results
RTL Top Level Output File Name     : kb_monitor.ngr
Top Level Output File Name         : kb_monitor
Output Format                      : NGC
Optimization Goal                  : Speed
Keep Hierarchy                     : No

Design Statistics
# IOs                              : 5

Cell Usage :
# BELS                             : 170
#      LUT2                        : 12
#      LUT2_D                      : 6
#      LUT2_L                      : 2
#      LUT3                        : 31
#      LUT3_D                      : 5
#      LUT3_L                      : 7
#      LUT4                        : 72
#      LUT4_D                      : 7
#      LUT4_L                      : 21
#      MUXF5                       : 7
# FlipFlops/Latches                : 89
#      FDC                         : 58
#      FDCE                        : 28
#      FDP                         : 3
# Clock Buffers                    : 1
#      BUFGP                       : 1
# IO Buffers                       : 4
#      IBUF                        : 3
#      OBUF                        : 1
=========================================================================

Device utilization summary:
---------------------------

Selected Device : 3s1200efg320-5 

 Number of Slices:                       90  out of   8672     1%  
 Number of Slice Flip Flops:             89  out of  17344     0%  
 Number of 4 input LUTs:                163  out of  17344     0%  
 Number of IOs:                           5
 Number of bonded IOBs:                   5  out of    250     2%  
 Number of GCLKs:                         1  out of     24     4%  

---------------------------
Partition Resource Summary:
---------------------------

  No Partitions were found in this design.

---------------------------


=========================================================================
TIMING REPORT

NOTE: THESE TIMING NUMBERS ARE ONLY A SYNTHESIS ESTIMATE.
      FOR ACCURATE TIMING INFORMATION PLEASE REFER TO THE TRACE REPORT
      GENERATED AFTER PLACE-and-ROUTE.

Clock Information:
------------------
-----------------------------------+------------------------+-------+
Clock Signal                       | Clock buffer(FF name)  | Load  |
-----------------------------------+------------------------+-------+
clk                                | BUFGP                  | 89    |
-----------------------------------+------------------------+-------+

Asynchronous Control Signals Information:
----------------------------------------
-----------------------------------+------------------------+-------+
Control Signal                     | Buffer(FF name)        | Load  |
-----------------------------------+------------------------+-------+
btn<3>                             | IBUF                   | 89    |
-----------------------------------+------------------------+-------+

Timing Summary:
---------------
Speed Grade: -5

   Minimum period: 5.689ns (Maximum Frequency: 175.781MHz)
   Minimum input arrival time before clock: 3.193ns
   Maximum output required time after clock: 4.040ns
   Maximum combinational path delay: No path found

Timing Detail:
--------------
All values displayed in nanoseconds (ns)

=========================================================================
Timing constraint: Default period analysis for Clock 'clk'
  Clock period: 5.689ns (frequency: 175.781MHz)
  Total number of paths / destination ports: 1872 / 116
-------------------------------------------------------------------------
Delay:               5.689ns (Levels of Logic = 3)
  Source:            uart_unit/uart_tx_unit/state_reg_FSM_FFd2 (FF)
  Destination:       uart_unit/fifo_tx_unit/array_reg_3_6 (FF)
  Source Clock:      clk rising
  Destination Clock: clk rising

  Data Path: uart_unit/uart_tx_unit/state_reg_FSM_FFd2 to uart_unit/fifo_tx_unit/array_reg_3_6
                                Gate     Net
    Cell:in->out      fanout   Delay   Delay  Logical Name (Net Name)
    ----------------------------------------  ------------
     FDC:C->Q             19   0.514   1.074  uart_unit/uart_tx_unit/state_reg_FSM_FFd2 (uart_unit/uart_tx_unit/state_reg_FSM_FFd2)
     LUT2:I0->O            1   0.612   0.360  uart_unit/baud_gen_unit/r_next_cmp_eq000023_SW0 (N44)
     LUT4_D:I3->O         12   0.612   0.820  uart_unit/uart_tx_unit/tx_done_tick1 (uart_unit/tx_done_tick)
     LUT4:I3->O            7   0.612   0.602  uart_unit/fifo_tx_unit/array_reg_2_and00001 (uart_unit/fifo_tx_unit/array_reg_2_and0000)
     FDCE:CE                   0.483          uart_unit/fifo_tx_unit/array_reg_2_0
    ----------------------------------------
    Total                      5.689ns (2.833ns logic, 2.856ns route)
                                       (49.8% logic, 50.2% route)

=========================================================================
Timing constraint: Default OFFSET IN BEFORE for Clock 'clk'
  Total number of paths / destination ports: 2 / 2
-------------------------------------------------------------------------
Offset:              3.193ns (Levels of Logic = 3)
  Source:            ps2d (PAD)
  Destination:       ps2_rx_unit/b_reg_10 (FF)
  Destination Clock: clk rising

  Data Path: ps2d to ps2_rx_unit/b_reg_10
                                Gate     Net
    Cell:in->out      fanout   Delay   Delay  Logical Name (Net Name)
    ----------------------------------------  ------------
     IBUF:I->O             1   1.106   0.426  ps2d_IBUF (ps2d_IBUF)
     LUT4_L:I1->LO         1   0.612   0.169  ps2_rx_unit/b_reg_mux0000<10>1_SW0 (N63)
     LUT3:I1->O            1   0.612   0.000  ps2_rx_unit/b_reg_mux0000<10>1 (ps2_rx_unit/b_reg_mux0000<10>)
     FDC:D                     0.268          ps2_rx_unit/b_reg_10
    ----------------------------------------
    Total                      3.193ns (2.598ns logic, 0.595ns route)
                                       (81.4% logic, 18.6% route)

=========================================================================
Timing constraint: Default OFFSET OUT AFTER for Clock 'clk'
  Total number of paths / destination ports: 1 / 1
-------------------------------------------------------------------------
Offset:              4.040ns (Levels of Logic = 1)
  Source:            uart_unit/uart_tx_unit/tx_reg (FF)
  Destination:       jb5 (PAD)
  Source Clock:      clk rising

  Data Path: uart_unit/uart_tx_unit/tx_reg to jb5
                                Gate     Net
    Cell:in->out      fanout   Delay   Delay  Logical Name (Net Name)
    ----------------------------------------  ------------
     FDP:C->Q              1   0.514   0.357  uart_unit/uart_tx_unit/tx_reg (uart_unit/uart_tx_unit/tx_reg)
     OBUF:I->O                 3.169          jb5_OBUF (jb5)
    ----------------------------------------
    Total                      4.040ns (3.683ns logic, 0.357ns route)
                                       (91.2% logic, 8.8% route)

=========================================================================


Total REAL time to Xst completion: 4.00 secs
Total CPU time to Xst completion: 3.51 secs
 
--> 


Total memory usage is 525624 kilobytes

Number of errors   :    0 (   0 filtered)
Number of warnings :   68 (   0 filtered)
Number of infos    :    4 (   0 filtered)

